<?xml version="1.0" encoding="UTF-8"?>
<testsuite xmlns:xsi="http://www.w3.org/2001/XMLSchema-instance" xsi:noNamespaceSchemaLocation="https://maven.apache.org/surefire/maven-surefire-plugin/xsd/surefire-test-report.xsd" name="jaemzware.runner.TestRunner" time="13.773" tests="2" errors="0" skipped="0" failures="0">
  <properties>
[...]
</properties>
  <testcase name="Search results contain search term in title" classname="Test Craigslist Smoke test scenarios" time="6.499"/>
  <testcase name="Search results contain search term in title" classname="Test Craigslist Smoke test scenarios" time="7.025"/>
</testsuite>